<?xml version="1.0" encoding="UTF-8"?>
<testng-results ignored="0" total="4" passed="4" failed="0" skipped="0">
  <reporter-output>
  </reporter-output>
  <suite started-at="2022-07-22T10:33:09 IST" name="Suite" finished-at="2022-07-22T10:33:09 IST" duration-ms="111">
    <groups>
    </groups>
    <test started-at="2022-07-22T10:33:09 IST" name="Test" finished-at="2022-07-22T10:33:09 IST" duration-ms="111">
      <class name="qaclickacademy.AppiumTest">
        <test-method signature="Android()[pri:0, instance:qaclickacademy.AppiumTest@3c7f66c4]" started-at="2022-07-22T10:33:09 IST" name="Android" finished-at="2022-07-22T10:33:09 IST" duration-ms="0" status="PASS">
          <reporter-output>
          </reporter-output>
        </test-method> <!-- Android -->
        <test-method signature="NativeAppAndroid()[pri:0, instance:qaclickacademy.AppiumTest@3c7f66c4]" started-at="2022-07-22T10:33:09 IST" name="NativeAppAndroid" finished-at="2022-07-22T10:33:09 IST" duration-ms="0" status="PASS">
          <reporter-output>
          </reporter-output>
        </test-method> <!-- NativeAppAndroid -->
      </class> <!-- qaclickacademy.AppiumTest -->
      <class name="qaclickacademy.SeliniumTest">
        <test-method signature="browserautomation()[pri:0, instance:qaclickacademy.SeliniumTest@d5b810e]" started-at="2022-07-22T10:33:09 IST" name="browserautomation" finished-at="2022-07-22T10:33:09 IST" duration-ms="12" status="PASS">
          <reporter-output>
          </reporter-output>
        </test-method> <!-- browserautomation -->
        <test-method signature="elements()[pri:0, instance:qaclickacademy.SeliniumTest@d5b810e]" started-at="2022-07-22T10:33:09 IST" name="elements" finished-at="2022-07-22T10:33:09 IST" duration-ms="1" status="PASS">
          <reporter-output>
          </reporter-output>
        </test-method> <!-- elements -->
      </class> <!-- qaclickacademy.SeliniumTest -->
    </test> <!-- Test -->
  </suite> <!-- Suite -->
</testng-results>
