<?xml version="1.0" encoding="UTF-8"?>
<!-- Generated by org.testng.reporters.JUnitXMLReporter -->
<testsuite ignored="0" hostname="DESKTOP-2JLVABI" failures="0" tests="4" name="Test" time="0.111" errors="0" timestamp="2022-07-22T10:33:09 IST">
  <testcase classname="qaclickacademy.SeliniumTest" name="browserautomation" time="0.012"/>
  <testcase classname="qaclickacademy.SeliniumTest" name="elements" time="0.001"/>
  <testcase classname="qaclickacademy.AppiumTest" name="Android" time="0.0"/>
  <testcase classname="qaclickacademy.AppiumTest" name="NativeAppAndroid" time="0.0"/>
</testsuite> <!-- Test -->
