<?xml version="1.0" encoding="UTF-8"?>
<testng-results ignored="0" total="2" passed="2" failed="0" skipped="0">
  <reporter-output>
  </reporter-output>
  <suite started-at="2022-07-22T10:30:44 IST" name="Default suite" finished-at="2022-07-22T10:30:44 IST" duration-ms="92">
    <groups>
    </groups>
    <test started-at="2022-07-22T10:30:44 IST" name="Default test" finished-at="2022-07-22T10:30:44 IST" duration-ms="92">
      <class name="qaclickacademy.AppiumTest">
        <test-method signature="Android()[pri:0, instance:qaclickacademy.AppiumTest@4738a206]" started-at="2022-07-22T10:30:44 IST" name="Android" finished-at="2022-07-22T10:30:44 IST" duration-ms="14" status="PASS">
          <reporter-output>
          </reporter-output>
        </test-method> <!-- Android -->
        <test-method signature="NativeAppAndroid()[pri:0, instance:qaclickacademy.AppiumTest@4738a206]" started-at="2022-07-22T10:30:44 IST" name="NativeAppAndroid" finished-at="2022-07-22T10:30:44 IST" duration-ms="2" status="PASS">
          <reporter-output>
          </reporter-output>
        </test-method> <!-- NativeAppAndroid -->
      </class> <!-- qaclickacademy.AppiumTest -->
    </test> <!-- Default test -->
  </suite> <!-- Default suite -->
</testng-results>
